<int, Reserved Word>
<x, Identifier>
<=, Relational Operator>
<10, Number>
<;, Delimiter>
<float, Reserved Word>
<y, Identifier>
<=, Relational Operator>
<3.14, Number>
<;, Delimiter>
</*
    This is a block comment
*/, Block Comment>
<if, Reserved Word>
<(, Delimiter>
<x, Identifier>
<>=, Relational Operator>
<0, Number>
<&&, Logic Operator>
<1, Number>
<<, Relational Operator>
<2, Number>
<), Delimiter>
<{, Delimiter>
<x, Identifier>
<=, Relational Operator>
<x, Identifier>
<-, Arithmetic Operator>
<1, Number>
<;, Delimiter>
<// Print the result, Line Comment>
<print, Reserved Word>
<(, Delimiter>
<"Result: ", Characters Chain>
<), Delimiter>
<;, Delimiter>
<print, Reserved Word>
<(, Delimiter>
<x, Identifier>
<*, Arithmetic Operator>
<y, Identifier>
<), Delimiter>
<;, Delimiter>
<}, Delimiter>
